2016-12-28 14:30:50 trace :
------------
String:
<xml><ToUserName><![CDATA[gh_15de032bf3fa]]></ToUserName>
<FromUserName><![CDATA[o2x_awCU-pBhPy72NXIozBETayfk]]></FromUserName>
<CreateTime>1482906650</CreateTime>
<MsgType><![CDATA[event]]></MsgType>
<Event><![CDATA[unsubscribe]]></Event>
<EventKey><![CDATA[]]></EventKey>
</xml>

2016-12-28 14:30:59 trace :
------------
String:
<xml><ToUserName><![CDATA[gh_15de032bf3fa]]></ToUserName>
<FromUserName><![CDATA[o2x_awCU-pBhPy72NXIozBETayfk]]></FromUserName>
<CreateTime>1482906659</CreateTime>
<MsgType><![CDATA[event]]></MsgType>
<Event><![CDATA[subscribe]]></Event>
<EventKey><![CDATA[]]></EventKey>
</xml>

2016-12-28 14:30:59 params :
------------
String:
array (
  'rule' => -2,
  'module' => '',
  'message' => 
  array (
    'tousername' => 'gh_15de032bf3fa',
    'fromusername' => 'o2x_awCU-pBhPy72NXIozBETayfk',
    'createtime' => '1482906659',
    'msgtype' => 'event',
    'event' => 'subscribe',
    'eventkey' => '',
    'from' => 'o2x_awCU-pBhPy72NXIozBETayfk',
    'to' => 'gh_15de032bf3fa',
    'time' => '1482906659',
    'type' => 'text',
    'redirection' => true,
    'source' => 'subscribe',
    'content' => '/吓/折磨',
  ),
)

2016-12-28 14:30:59 response :
------------

2016-12-28 14:35:15 trace :
------------
String:
<xml><ToUserName><![CDATA[gh_15de032bf3fa]]></ToUserName>
<FromUserName><![CDATA[o2x_awCU-pBhPy72NXIozBETayfk]]></FromUserName>
<CreateTime>1482906915</CreateTime>
<MsgType><![CDATA[text]]></MsgType>
<Content><![CDATA[好]]></Content>
<MsgId>6369036703374770868</MsgId>
</xml>

2016-12-28 14:35:15 params :
------------
String:
array (
  'message' => 
  array (
    'tousername' => 'gh_15de032bf3fa',
    'fromusername' => 'o2x_awCU-pBhPy72NXIozBETayfk',
    'createtime' => '1482906915',
    'msgtype' => 'text',
    'content' => '好',
    'msgid' => '6369036703374770868',
    'from' => 'o2x_awCU-pBhPy72NXIozBETayfk',
    'to' => 'gh_15de032bf3fa',
    'time' => '1482906915',
    'type' => 'text',
    'event' => NULL,
    'redirection' => false,
    'source' => NULL,
  ),
  'module' => 'default',
  'rule' => '-1',
)

2016-12-28 14:35:15 response :
------------
Array:
params : Array ;

2016-12-28 15:12:29 trace :
------------
String:
<xml><ToUserName><![CDATA[gh_15de032bf3fa]]></ToUserName>
<FromUserName><![CDATA[o2x_awCU-pBhPy72NXIozBETayfk]]></FromUserName>
<CreateTime>1482909148</CreateTime>
<MsgType><![CDATA[text]]></MsgType>
<Content><![CDATA[了]]></Content>
<MsgId>6369046294036743648</MsgId>
</xml>

2016-12-28 15:12:29 params :
------------
String:
array (
  'message' => 
  array (
    'tousername' => 'gh_15de032bf3fa',
    'fromusername' => 'o2x_awCU-pBhPy72NXIozBETayfk',
    'createtime' => '1482909148',
    'msgtype' => 'text',
    'content' => '了',
    'msgid' => '6369046294036743648',
    'from' => 'o2x_awCU-pBhPy72NXIozBETayfk',
    'to' => 'gh_15de032bf3fa',
    'time' => '1482909148',
    'type' => 'text',
    'event' => NULL,
    'redirection' => false,
    'source' => NULL,
  ),
  'module' => 'default',
  'rule' => '-1',
)

2016-12-28 15:12:29 response :
------------
Array:
params : Array ;

2016-12-28 15:21:12 trace :
------------
String:
<xml><ToUserName><![CDATA[gh_15de032bf3fa]]></ToUserName>
<FromUserName><![CDATA[o2x_awCU-pBhPy72NXIozBETayfk]]></FromUserName>
<CreateTime>1482909672</CreateTime>
<MsgType><![CDATA[text]]></MsgType>
<Content><![CDATA[噢]]></Content>
<MsgId>6369048544599606950</MsgId>
</xml>

2016-12-28 15:21:12 params :
------------
String:
array (
  'message' => 
  array (
    'tousername' => 'gh_15de032bf3fa',
    'fromusername' => 'o2x_awCU-pBhPy72NXIozBETayfk',
    'createtime' => '1482909672',
    'msgtype' => 'text',
    'content' => '噢',
    'msgid' => '6369048544599606950',
    'from' => 'o2x_awCU-pBhPy72NXIozBETayfk',
    'to' => 'gh_15de032bf3fa',
    'time' => '1482909672',
    'type' => 'text',
    'event' => NULL,
    'redirection' => false,
    'source' => NULL,
  ),
  'module' => 'default',
  'rule' => '-1',
)

2016-12-28 15:21:12 response :
------------
Array:
params : Array ;

2016-12-28 16:16:32 trace :
------------
String:
<xml><ToUserName><![CDATA[gh_15de032bf3fa]]></ToUserName>
<FromUserName><![CDATA[o2x_awCU-pBhPy72NXIozBETayfk]]></FromUserName>
<CreateTime>1482912992</CreateTime>
<MsgType><![CDATA[text]]></MsgType>
<Content><![CDATA[了]]></Content>
<MsgId>6369062803891031644</MsgId>
</xml>

2016-12-28 16:16:32 params :
------------
String:
array (
  'message' => 
  array (
    'tousername' => 'gh_15de032bf3fa',
    'fromusername' => 'o2x_awCU-pBhPy72NXIozBETayfk',
    'createtime' => '1482912992',
    'msgtype' => 'text',
    'content' => '了',
    'msgid' => '6369062803891031644',
    'from' => 'o2x_awCU-pBhPy72NXIozBETayfk',
    'to' => 'gh_15de032bf3fa',
    'time' => '1482912992',
    'type' => 'text',
    'event' => NULL,
    'redirection' => false,
    'source' => NULL,
  ),
  'module' => 'default',
  'rule' => '-1',
)

2016-12-28 16:16:32 response :
------------
Array:
params : Array ;

2016-12-28 16:20:16 trace :
------------
String:
<xml><ToUserName><![CDATA[gh_15de032bf3fa]]></ToUserName>
<FromUserName><![CDATA[o2x_awCU-pBhPy72NXIozBETayfk]]></FromUserName>
<CreateTime>1482913215</CreateTime>
<MsgType><![CDATA[text]]></MsgType>
<Content><![CDATA[太原天气]]></Content>
<MsgId>6369063761668738733</MsgId>
</xml>

2016-12-28 16:20:16 params :
------------
String:
array (
  'message' => 
  array (
    'tousername' => 'gh_15de032bf3fa',
    'fromusername' => 'o2x_awCU-pBhPy72NXIozBETayfk',
    'createtime' => '1482913215',
    'msgtype' => 'text',
    'content' => '太原天气',
    'msgid' => '6369063761668738733',
    'from' => 'o2x_awCU-pBhPy72NXIozBETayfk',
    'to' => 'gh_15de032bf3fa',
    'time' => '1482913215',
    'type' => 'text',
    'event' => NULL,
    'redirection' => false,
    'source' => NULL,
  ),
  'module' => 'userapi',
  'rule' => '1',
  'priority' => '255',
  'keyword' => 
  array (
    'id' => '1',
    'rid' => '1',
    'uniacid' => '0',
    'module' => 'userapi',
    'content' => '^.+天气$',
    'type' => '3',
    'displayorder' => '255',
    'status' => '1',
  ),
)

2016-12-28 16:20:16 response :
------------
Array:
FromUserName : gh_15de032bf3fa ;
ToUserName : o2x_awCU-pBhPy72NXIozBETayfk ;
MsgType : text ;
Content : 太原今日天气
今天白天晴，2摄氏度。
西北风，3-4
今天夜间晴，-12摄氏度。
无持续风向，≤3
==================
【穿衣指数】：棉衣、冬大衣、皮夹克、内着衬衫或羊毛内衣、毛衣、外罩大衣

【感冒指数】：多发期天气较冷，室内外温差较大，较易引起感冒；

【空调指数】：建议开启空调

【污染物扩散条件】：中度不利于空气污染物扩散

【洗车指数】：不太适宜洗车后未来1-2天内有降水、大风或沙尘天气，或洗车当日气温太低容易结冰。不太适宜洗车。

【运动指数】：不适宜天气较冷，多数人不适宜户外运动；

【紫外线指数】：弱紫外线弱

【体感度指数】：较冷外出活动要戴薄手套，薄围巾和帽子。
 ;

2016-12-28 16:20:35 trace :
------------
String:
<xml><ToUserName><![CDATA[gh_15de032bf3fa]]></ToUserName>
<FromUserName><![CDATA[o2x_awCU-pBhPy72NXIozBETayfk]]></FromUserName>
<CreateTime>1482913235</CreateTime>
<MsgType><![CDATA[text]]></MsgType>
<Content><![CDATA[啊]]></Content>
<MsgId>6369063847568084661</MsgId>
</xml>

2016-12-28 16:20:35 params :
------------
String:
array (
  'message' => 
  array (
    'tousername' => 'gh_15de032bf3fa',
    'fromusername' => 'o2x_awCU-pBhPy72NXIozBETayfk',
    'createtime' => '1482913235',
    'msgtype' => 'text',
    'content' => '啊',
    'msgid' => '6369063847568084661',
    'from' => 'o2x_awCU-pBhPy72NXIozBETayfk',
    'to' => 'gh_15de032bf3fa',
    'time' => '1482913235',
    'type' => 'text',
    'event' => NULL,
    'redirection' => false,
    'source' => NULL,
  ),
  'module' => 'default',
  'rule' => '-1',
)

2016-12-28 16:20:35 response :
------------
Array:
params : Array ;

2016-12-28 16:20:43 trace :
------------
String:
<xml><ToUserName><![CDATA[gh_15de032bf3fa]]></ToUserName>
<FromUserName><![CDATA[o2x_awCU-pBhPy72NXIozBETayfk]]></FromUserName>
<CreateTime>1482913242</CreateTime>
<MsgType><![CDATA[text]]></MsgType>
<Content><![CDATA[@啊]]></Content>
<MsgId>6369063877632855735</MsgId>
</xml>

2016-12-28 16:20:43 params :
------------
String:
array (
  'message' => 
  array (
    'tousername' => 'gh_15de032bf3fa',
    'fromusername' => 'o2x_awCU-pBhPy72NXIozBETayfk',
    'createtime' => '1482913242',
    'msgtype' => 'text',
    'content' => '@啊',
    'msgid' => '6369063877632855735',
    'from' => 'o2x_awCU-pBhPy72NXIozBETayfk',
    'to' => 'gh_15de032bf3fa',
    'time' => '1482913242',
    'type' => 'text',
    'event' => NULL,
    'redirection' => false,
    'source' => NULL,
  ),
  'module' => 'userapi',
  'rule' => '3',
  'priority' => '255',
  'keyword' => 
  array (
    'id' => '4',
    'rid' => '3',
    'uniacid' => '0',
    'module' => 'userapi',
    'content' => '^@.+$',
    'type' => '3',
    'displayorder' => '255',
    'status' => '1',
  ),
)

2016-12-28 16:20:43 response :
------------
Array:
FromUserName : gh_15de032bf3fa ;
ToUserName : o2x_awCU-pBhPy72NXIozBETayfk ;
MsgType : text ;
Content : 啊
==================
发音:
[á,à,a,ā,ǎ]
==================
int.Ah;Oh
 ;

2016-12-28 16:21:40 trace :
------------
String:
<xml><ToUserName><![CDATA[gh_15de032bf3fa]]></ToUserName>
<FromUserName><![CDATA[o2x_awCU-pBhPy72NXIozBETayfk]]></FromUserName>
<CreateTime>1482913300</CreateTime>
<MsgType><![CDATA[text]]></MsgType>
<Content><![CDATA[中通719512311482]]></Content>
<MsgId>6369064126740958923</MsgId>
</xml>

2016-12-28 16:21:40 params :
------------
String:
array (
  'message' => 
  array (
    'tousername' => 'gh_15de032bf3fa',
    'fromusername' => 'o2x_awCU-pBhPy72NXIozBETayfk',
    'createtime' => '1482913300',
    'msgtype' => 'text',
    'content' => '中通719512311482',
    'msgid' => '6369064126740958923',
    'from' => 'o2x_awCU-pBhPy72NXIozBETayfk',
    'to' => 'gh_15de032bf3fa',
    'time' => '1482913300',
    'type' => 'text',
    'event' => NULL,
    'redirection' => false,
    'source' => NULL,
  ),
  'module' => 'userapi',
  'rule' => '6',
  'priority' => '255',
  'keyword' => 
  array (
    'id' => '10',
    'rid' => '6',
    'uniacid' => '0',
    'module' => 'userapi',
    'content' => '^(申通|圆通|中通|汇通|韵达|顺丰|EMS) *[a-z0-9]{1,}$',
    'type' => '3',
    'displayorder' => '255',
    'status' => '1',
  ),
)

2016-12-28 16:21:40 response :
------------
Array:
FromUserName : gh_15de032bf3fa ;
ToUserName : o2x_awCU-pBhPy72NXIozBETayfk ;
MsgType : text ;
Content : 没有查找到相关的数据, 错误信息为: . 请重新发送或检查您的输入格式, 正确格式为: 快递公司+空格+单号, 例如: 申通 2309381801 ;

2016-12-28 16:22:00 trace :
------------
String:
<xml><ToUserName><![CDATA[gh_15de032bf3fa]]></ToUserName>
<FromUserName><![CDATA[o2x_awCU-pBhPy72NXIozBETayfk]]></FromUserName>
<CreateTime>1482913320</CreateTime>
<MsgType><![CDATA[text]]></MsgType>
<Content><![CDATA[中通 719512311482]]></Content>
<MsgId>6369064212640304845</MsgId>
</xml>

2016-12-28 16:22:00 params :
------------
String:
array (
  'message' => 
  array (
    'tousername' => 'gh_15de032bf3fa',
    'fromusername' => 'o2x_awCU-pBhPy72NXIozBETayfk',
    'createtime' => '1482913320',
    'msgtype' => 'text',
    'content' => '中通 719512311482',
    'msgid' => '6369064212640304845',
    'from' => 'o2x_awCU-pBhPy72NXIozBETayfk',
    'to' => 'gh_15de032bf3fa',
    'time' => '1482913320',
    'type' => 'text',
    'event' => NULL,
    'redirection' => false,
    'source' => NULL,
  ),
  'module' => 'userapi',
  'rule' => '6',
  'priority' => '255',
  'keyword' => 
  array (
    'id' => '10',
    'rid' => '6',
    'uniacid' => '0',
    'module' => 'userapi',
    'content' => '^(申通|圆通|中通|汇通|韵达|顺丰|EMS) *[a-z0-9]{1,}$',
    'type' => '3',
    'displayorder' => '255',
    'status' => '1',
  ),
)

2016-12-28 16:22:00 response :
------------
Array:
FromUserName : gh_15de032bf3fa ;
ToUserName : o2x_awCU-pBhPy72NXIozBETayfk ;
MsgType : text ;
Content : 没有查找到相关的数据, 错误信息为: . 请重新发送或检查您的输入格式, 正确格式为: 快递公司+空格+单号, 例如: 申通 2309381801 ;

2016-12-28 16:22:41 trace :
------------
String:
<xml><ToUserName><![CDATA[gh_15de032bf3fa]]></ToUserName>
<FromUserName><![CDATA[o2x_awCU-pBhPy72NXIozBETayfk]]></FromUserName>
<CreateTime>1482913360</CreateTime>
<MsgType><![CDATA[text]]></MsgType>
<Content><![CDATA[申通 2309381801]]></Content>
<MsgId>6369064384438996691</MsgId>
</xml>

2016-12-28 16:22:41 params :
------------
String:
array (
  'message' => 
  array (
    'tousername' => 'gh_15de032bf3fa',
    'fromusername' => 'o2x_awCU-pBhPy72NXIozBETayfk',
    'createtime' => '1482913360',
    'msgtype' => 'text',
    'content' => '申通 2309381801',
    'msgid' => '6369064384438996691',
    'from' => 'o2x_awCU-pBhPy72NXIozBETayfk',
    'to' => 'gh_15de032bf3fa',
    'time' => '1482913360',
    'type' => 'text',
    'event' => NULL,
    'redirection' => false,
    'source' => NULL,
  ),
  'module' => 'userapi',
  'rule' => '6',
  'priority' => '255',
  'keyword' => 
  array (
    'id' => '10',
    'rid' => '6',
    'uniacid' => '0',
    'module' => 'userapi',
    'content' => '^(申通|圆通|中通|汇通|韵达|顺丰|EMS) *[a-z0-9]{1,}$',
    'type' => '3',
    'displayorder' => '255',
    'status' => '1',
  ),
)

2016-12-28 16:22:41 response :
------------
Array:
FromUserName : gh_15de032bf3fa ;
ToUserName : o2x_awCU-pBhPy72NXIozBETayfk ;
MsgType : text ;
Content : 没有查找到相关的数据, 错误信息为: . 请重新发送或检查您的输入格式, 正确格式为: 快递公司+空格+单号, 例如: 申通 2309381801 ;

2016-12-28 16:23:33 trace :
------------
String:
<xml><ToUserName><![CDATA[gh_15de032bf3fa]]></ToUserName>
<FromUserName><![CDATA[o2x_awCU-pBhPy72NXIozBETayfk]]></FromUserName>
<CreateTime>1482913413</CreateTime>
<MsgType><![CDATA[text]]></MsgType>
<Content><![CDATA[圆通  883887573959336715]]></Content>
<MsgId>6369064612072263396</MsgId>
</xml>

2016-12-28 16:23:33 params :
------------
String:
array (
  'message' => 
  array (
    'tousername' => 'gh_15de032bf3fa',
    'fromusername' => 'o2x_awCU-pBhPy72NXIozBETayfk',
    'createtime' => '1482913413',
    'msgtype' => 'text',
    'content' => '圆通  883887573959336715',
    'msgid' => '6369064612072263396',
    'from' => 'o2x_awCU-pBhPy72NXIozBETayfk',
    'to' => 'gh_15de032bf3fa',
    'time' => '1482913413',
    'type' => 'text',
    'event' => NULL,
    'redirection' => false,
    'source' => NULL,
  ),
  'module' => 'userapi',
  'rule' => '6',
  'priority' => '255',
  'keyword' => 
  array (
    'id' => '10',
    'rid' => '6',
    'uniacid' => '0',
    'module' => 'userapi',
    'content' => '^(申通|圆通|中通|汇通|韵达|顺丰|EMS) *[a-z0-9]{1,}$',
    'type' => '3',
    'displayorder' => '255',
    'status' => '1',
  ),
)

2016-12-28 16:23:33 response :
------------
Array:
FromUserName : gh_15de032bf3fa ;
ToUserName : o2x_awCU-pBhPy72NXIozBETayfk ;
MsgType : text ;
Content : 没有查找到相关的数据, 错误信息为: . 请重新发送或检查您的输入格式, 正确格式为: 快递公司+空格+单号, 例如: 申通 2309381801 ;

2016-12-28 16:23:44 trace :
------------
String:
<xml><ToUserName><![CDATA[gh_15de032bf3fa]]></ToUserName>
<FromUserName><![CDATA[o2x_awCU-pBhPy72NXIozBETayfk]]></FromUserName>
<CreateTime>1482913423</CreateTime>
<MsgType><![CDATA[text]]></MsgType>
<Content><![CDATA[新闻]]></Content>
<MsgId>6369064655021936362</MsgId>
</xml>

2016-12-28 16:23:44 params :
------------
String:
array (
  'message' => 
  array (
    'tousername' => 'gh_15de032bf3fa',
    'fromusername' => 'o2x_awCU-pBhPy72NXIozBETayfk',
    'createtime' => '1482913423',
    'msgtype' => 'text',
    'content' => '新闻',
    'msgid' => '6369064655021936362',
    'from' => 'o2x_awCU-pBhPy72NXIozBETayfk',
    'to' => 'gh_15de032bf3fa',
    'time' => '1482913423',
    'type' => 'text',
    'event' => NULL,
    'redirection' => false,
    'source' => NULL,
  ),
  'module' => 'userapi',
  'rule' => '5',
  'priority' => '255',
  'keyword' => 
  array (
    'id' => '9',
    'rid' => '5',
    'uniacid' => '0',
    'module' => 'userapi',
    'content' => '新闻',
    'type' => '1',
    'displayorder' => '255',
    'status' => '1',
  ),
)

2016-12-28 16:23:44 response :
------------
Array:
FromUserName : gh_15de032bf3fa ;
ToUserName : o2x_awCU-pBhPy72NXIozBETayfk ;
MsgType : news ;
ArticleCount : 1 ;
Articles : Array ;

2016-12-28 16:36:44 trace :
------------
String:
<xml><ToUserName><![CDATA[gh_15de032bf3fa]]></ToUserName>
<FromUserName><![CDATA[o2x_awCU-pBhPy72NXIozBETayfk]]></FromUserName>
<CreateTime>1482914204</CreateTime>
<MsgType><![CDATA[text]]></MsgType>
<Content><![CDATA[日历]]></Content>
<MsgId>6369068009391394895</MsgId>
</xml>

2016-12-28 16:36:44 params :
------------
String:
array (
  'message' => 
  array (
    'tousername' => 'gh_15de032bf3fa',
    'fromusername' => 'o2x_awCU-pBhPy72NXIozBETayfk',
    'createtime' => '1482914204',
    'msgtype' => 'text',
    'content' => '日历',
    'msgid' => '6369068009391394895',
    'from' => 'o2x_awCU-pBhPy72NXIozBETayfk',
    'to' => 'gh_15de032bf3fa',
    'time' => '1482914204',
    'type' => 'text',
    'event' => NULL,
    'redirection' => false,
    'source' => NULL,
  ),
  'module' => 'userapi',
  'rule' => '4',
  'priority' => '255',
  'keyword' => 
  array (
    'id' => '5',
    'rid' => '4',
    'uniacid' => '0',
    'module' => 'userapi',
    'content' => '日历',
    'type' => '1',
    'displayorder' => '255',
    'status' => '1',
  ),
)

2016-12-28 16:36:44 response :
------------
Array:
FromUserName : gh_15de032bf3fa ;
ToUserName : o2x_awCU-pBhPy72NXIozBETayfk ;
MsgType : text ;
Content : 今天是 2016年12月28日 星期三==================
农历: 11月30日 丙申年 庚子月 甲申日==================
宜: 
纳采:缔结婚姻的仪式、受授聘金。
订盟:是订婚仪式的一种，意为婚姻说合，送订婚礼金。俗称小聘(订) 
移徙:指搬家迁移人主所之意。
入宅:即迁入新宅、所谓“新居落成典礼”也:即迁入新宅、所谓“新居落成典礼”也:即迁入新宅、所谓「新居落成典礼」也。
出行:指外出旅行、观光游览。
安机械
会亲友:指宴会亲朋之事
祭祀:指祠堂之祭祀、即拜祭祖先或庙寺的祭拜、拜神明等事。
祈福:祈求神明降福或设醮还愿之事。
斋醮:指庙宇建醮前需举行的斋戒仪式
开光:神佛像塑成后、供奉上位之事。
安香:指安放神位及香火
出火:谓移动神位，「火」指「香火」而言。
解除:指冲洗清扫宅舍、解除灾厄等事。
求医
针灸
治病:仅指求医治疗慢性痼疾或动手术。
造屋:装盖房屋等工作。
起基:亦称奠基，阳宅建筑房屋时定地基石。
修造:指阳宅之坚造与修理。
安门:房屋装设门户等工事。
造船
纳畜:买入家畜饲养之事。
牧养
移柩:举行葬仪时、将棺木移出屋外之事。
入殓:将尸体放入棺材之意。
启攒:指「洗骨」之事。俗谓「拾金」也。
谢土:建筑物完工后所举行的祭祀。
修坟:修理坟墓。
立碑:于阴宅墓前立一石碑
==================
忌: 
嫁娶:男娶女嫁，举行结婚大典的吉日。
动土:阳宅建筑时，按所择日时，用锄头在吉方锄下第一锄土的时间称“动土”
安床:指安置睡床卧铺之意。
造桥:建造桥梁。
掘井:开凿水井。
 ;

2016-12-28 16:37:24 trace :
------------
String:
<xml><ToUserName><![CDATA[gh_15de032bf3fa]]></ToUserName>
<FromUserName><![CDATA[o2x_awCU-pBhPy72NXIozBETayfk]]></FromUserName>
<CreateTime>1482914244</CreateTime>
<MsgType><![CDATA[text]]></MsgType>
<Content><![CDATA[百科刘可灏]]></Content>
<MsgId>6369068181190086760</MsgId>
</xml>

2016-12-28 16:37:25 params :
------------
String:
array (
  'message' => 
  array (
    'tousername' => 'gh_15de032bf3fa',
    'fromusername' => 'o2x_awCU-pBhPy72NXIozBETayfk',
    'createtime' => '1482914244',
    'msgtype' => 'text',
    'content' => '百科刘可灏',
    'msgid' => '6369068181190086760',
    'from' => 'o2x_awCU-pBhPy72NXIozBETayfk',
    'to' => 'gh_15de032bf3fa',
    'time' => '1482914244',
    'type' => 'text',
    'event' => NULL,
    'redirection' => false,
    'source' => NULL,
  ),
  'module' => 'userapi',
  'rule' => '2',
  'priority' => '255',
  'keyword' => 
  array (
    'id' => '2',
    'rid' => '2',
    'uniacid' => '0',
    'module' => 'userapi',
    'content' => '^百科.+$',
    'type' => '3',
    'displayorder' => '255',
    'status' => '1',
  ),
)

2016-12-28 16:37:25 response :
------------
Array:
FromUserName : gh_15de032bf3fa ;
ToUserName : o2x_awCU-pBhPy72NXIozBETayfk ;
MsgType : text ;
Content : 没有找到结果, 要不换个词试试? ;

2016-12-28 16:37:49 trace :
------------
String:
<xml><ToUserName><![CDATA[gh_15de032bf3fa]]></ToUserName>
<FromUserName><![CDATA[o2x_awCU-pBhPy72NXIozBETayfk]]></FromUserName>
<CreateTime>1482914268</CreateTime>
<MsgType><![CDATA[text]]></MsgType>
<Content><![CDATA[百科春节]]></Content>
<MsgId>6369068284269301874</MsgId>
</xml>

2016-12-28 16:37:49 params :
------------
String:
array (
  'message' => 
  array (
    'tousername' => 'gh_15de032bf3fa',
    'fromusername' => 'o2x_awCU-pBhPy72NXIozBETayfk',
    'createtime' => '1482914268',
    'msgtype' => 'text',
    'content' => '百科春节',
    'msgid' => '6369068284269301874',
    'from' => 'o2x_awCU-pBhPy72NXIozBETayfk',
    'to' => 'gh_15de032bf3fa',
    'time' => '1482914268',
    'type' => 'text',
    'event' => NULL,
    'redirection' => false,
    'source' => NULL,
  ),
  'module' => 'userapi',
  'rule' => '2',
  'priority' => '255',
  'keyword' => 
  array (
    'id' => '2',
    'rid' => '2',
    'uniacid' => '0',
    'module' => 'userapi',
    'content' => '^百科.+$',
    'type' => '3',
    'displayorder' => '255',
    'status' => '1',
  ),
)

2016-12-28 16:37:49 response :
------------
Array:
FromUserName : gh_15de032bf3fa ;
ToUserName : o2x_awCU-pBhPy72NXIozBETayfk ;
MsgType : text ;
Content : 没有找到结果, 要不换个词试试? ;

2016-12-28 16:38:00 trace :
------------
String:
<xml><ToUserName><![CDATA[gh_15de032bf3fa]]></ToUserName>
<FromUserName><![CDATA[o2x_awCU-pBhPy72NXIozBETayfk]]></FromUserName>
<CreateTime>1482914280</CreateTime>
<MsgType><![CDATA[text]]></MsgType>
<Content><![CDATA[定义春节]]></Content>
<MsgId>6369068335808909430</MsgId>
</xml>

2016-12-28 16:38:00 params :
------------
String:
array (
  'message' => 
  array (
    'tousername' => 'gh_15de032bf3fa',
    'fromusername' => 'o2x_awCU-pBhPy72NXIozBETayfk',
    'createtime' => '1482914280',
    'msgtype' => 'text',
    'content' => '定义春节',
    'msgid' => '6369068335808909430',
    'from' => 'o2x_awCU-pBhPy72NXIozBETayfk',
    'to' => 'gh_15de032bf3fa',
    'time' => '1482914280',
    'type' => 'text',
    'event' => NULL,
    'redirection' => false,
    'source' => NULL,
  ),
  'module' => 'userapi',
  'rule' => '2',
  'priority' => '255',
  'keyword' => 
  array (
    'id' => '3',
    'rid' => '2',
    'uniacid' => '0',
    'module' => 'userapi',
    'content' => '^定义.+$',
    'type' => '3',
    'displayorder' => '255',
    'status' => '1',
  ),
)

2016-12-28 16:38:00 response :
------------
Array:
FromUserName : gh_15de032bf3fa ;
ToUserName : o2x_awCU-pBhPy72NXIozBETayfk ;
MsgType : text ;
Content : 没有找到结果, 要不换个词试试? ;

2016-12-28 16:38:15 trace :
------------
String:
<xml><ToUserName><![CDATA[gh_15de032bf3fa]]></ToUserName>
<FromUserName><![CDATA[o2x_awCU-pBhPy72NXIozBETayfk]]></FromUserName>
<CreateTime>1482914295</CreateTime>
<MsgType><![CDATA[text]]></MsgType>
<Content><![CDATA[百科姚明]]></Content>
<MsgId>6369068400233418874</MsgId>
</xml>

2016-12-28 16:38:16 params :
------------
String:
array (
  'message' => 
  array (
    'tousername' => 'gh_15de032bf3fa',
    'fromusername' => 'o2x_awCU-pBhPy72NXIozBETayfk',
    'createtime' => '1482914295',
    'msgtype' => 'text',
    'content' => '百科姚明',
    'msgid' => '6369068400233418874',
    'from' => 'o2x_awCU-pBhPy72NXIozBETayfk',
    'to' => 'gh_15de032bf3fa',
    'time' => '1482914295',
    'type' => 'text',
    'event' => NULL,
    'redirection' => false,
    'source' => NULL,
  ),
  'module' => 'userapi',
  'rule' => '2',
  'priority' => '255',
  'keyword' => 
  array (
    'id' => '2',
    'rid' => '2',
    'uniacid' => '0',
    'module' => 'userapi',
    'content' => '^百科.+$',
    'type' => '3',
    'displayorder' => '255',
    'status' => '1',
  ),
)

2016-12-28 16:38:16 response :
------------
Array:
FromUserName : gh_15de032bf3fa ;
ToUserName : o2x_awCU-pBhPy72NXIozBETayfk ;
MsgType : text ;
Content : 没有找到结果, 要不换个词试试? ;

