2017-01-11 14:57:10 trace :
------------
String:
<xml><ToUserName><![CDATA[gh_dab016b3c862]]></ToUserName>
<FromUserName><![CDATA[odnlJv7kI4bW8DtOtivFidzeP7iI]]></FromUserName>
<CreateTime>1484117830</CreateTime>
<MsgType><![CDATA[event]]></MsgType>
<Event><![CDATA[subscribe]]></Event>
<EventKey><![CDATA[]]></EventKey>
</xml>

2017-01-11 14:57:10 params :
------------
String:
array (
  'message' => 
  array (
    'tousername' => 'gh_dab016b3c862',
    'fromusername' => 'odnlJv7kI4bW8DtOtivFidzeP7iI',
    'createtime' => '1484117830',
    'msgtype' => 'event',
    'event' => 'subscribe',
    'eventkey' => '',
    'from' => 'odnlJv7kI4bW8DtOtivFidzeP7iI',
    'to' => 'gh_dab016b3c862',
    'time' => '1484117830',
    'type' => 'text',
    'redirection' => true,
    'source' => 'subscribe',
    'content' => '欢迎',
  ),
  'module' => 'images',
  'rule' => '14',
  'priority' => '0',
  'keyword' => 
  array (
    'id' => '32',
    'rid' => '14',
    'uniacid' => '6',
    'module' => 'images',
    'content' => '欢迎',
    'type' => '1',
    'displayorder' => '0',
    'status' => '1',
  ),
)

2017-01-11 14:57:10 response :
------------
Array:
FromUserName : gh_dab016b3c862 ;
ToUserName : odnlJv7kI4bW8DtOtivFidzeP7iI ;
MsgType : image ;
Image : Array ;

2017-01-11 19:41:07 trace :
------------
String:
<xml><ToUserName><![CDATA[gh_dab016b3c862]]></ToUserName>
<FromUserName><![CDATA[odnlJv43qgJDYS13vBXrZRaKlvmE]]></FromUserName>
<CreateTime>1484134867</CreateTime>
<MsgType><![CDATA[event]]></MsgType>
<Event><![CDATA[subscribe]]></Event>
<EventKey><![CDATA[]]></EventKey>
</xml>

2017-01-11 19:41:07 params :
------------
String:
array (
  'message' => 
  array (
    'tousername' => 'gh_dab016b3c862',
    'fromusername' => 'odnlJv43qgJDYS13vBXrZRaKlvmE',
    'createtime' => '1484134867',
    'msgtype' => 'event',
    'event' => 'subscribe',
    'eventkey' => '',
    'from' => 'odnlJv43qgJDYS13vBXrZRaKlvmE',
    'to' => 'gh_dab016b3c862',
    'time' => '1484134867',
    'type' => 'text',
    'redirection' => true,
    'source' => 'subscribe',
    'content' => '欢迎',
  ),
  'module' => 'images',
  'rule' => '14',
  'priority' => '0',
  'keyword' => 
  array (
    'id' => '32',
    'rid' => '14',
    'uniacid' => '6',
    'module' => 'images',
    'content' => '欢迎',
    'type' => '1',
    'displayorder' => '0',
    'status' => '1',
  ),
)

2017-01-11 19:41:07 response :
------------
Array:
FromUserName : gh_dab016b3c862 ;
ToUserName : odnlJv43qgJDYS13vBXrZRaKlvmE ;
MsgType : image ;
Image : Array ;

