2017-01-10 09:38:19 trace :
------------
String:
<xml><ToUserName><![CDATA[gh_dab016b3c862]]></ToUserName>
<FromUserName><![CDATA[odnlJvwxSIlKnv_00OYU_azmnRZ8]]></FromUserName>
<CreateTime>1484012298</CreateTime>
<MsgType><![CDATA[text]]></MsgType>
<Content><![CDATA[www.wangluoxingqiyi.cn/index1.php]]></Content>
<MsgId>6373784287186665387</MsgId>
</xml>

2017-01-10 09:38:19 params :
------------
String:
array (
  'message' => 
  array (
    'tousername' => 'gh_dab016b3c862',
    'fromusername' => 'odnlJvwxSIlKnv_00OYU_azmnRZ8',
    'createtime' => '1484012298',
    'msgtype' => 'text',
    'content' => '欢迎',
    'msgid' => '6373784287186665387',
    'from' => 'odnlJvwxSIlKnv_00OYU_azmnRZ8',
    'to' => 'gh_dab016b3c862',
    'time' => '1484012298',
    'type' => 'text',
    'event' => NULL,
    'redirection' => true,
    'source' => 'default',
    'original' => 'www.wangluoxingqiyi.cn/index1.php',
  ),
  'module' => 'images',
  'rule' => '14',
  'priority' => '0',
  'keyword' => 
  array (
    'id' => '32',
    'rid' => '14',
    'uniacid' => '6',
    'module' => 'images',
    'content' => '欢迎',
    'type' => '1',
    'displayorder' => '0',
    'status' => '1',
  ),
)

2017-01-10 09:38:19 response :
------------
Array:
FromUserName : gh_dab016b3c862 ;
ToUserName : odnlJvwxSIlKnv_00OYU_azmnRZ8 ;
MsgType : image ;
Image : Array ;

2017-01-10 11:08:12 trace :
------------
String:
<xml><ToUserName><![CDATA[gh_dab016b3c862]]></ToUserName>
<FromUserName><![CDATA[odnlJvy4nAhIcLS-rRSGzKwBlEx0]]></FromUserName>
<CreateTime>1484017692</CreateTime>
<MsgType><![CDATA[event]]></MsgType>
<Event><![CDATA[unsubscribe]]></Event>
<EventKey><![CDATA[]]></EventKey>
</xml>

