2017-01-12 17:31:32 trace :
------------
String:
<xml><ToUserName><![CDATA[gh_dab016b3c862]]></ToUserName>
<FromUserName><![CDATA[odnlJvzfIC5OpnakHyTOBVj0bXnY]]></FromUserName>
<CreateTime>1484213491</CreateTime>
<MsgType><![CDATA[event]]></MsgType>
<Event><![CDATA[subscribe]]></Event>
<EventKey><![CDATA[]]></EventKey>
</xml>

2017-01-12 17:31:32 params :
------------
String:
array (
  'message' => 
  array (
    'tousername' => 'gh_dab016b3c862',
    'fromusername' => 'odnlJvzfIC5OpnakHyTOBVj0bXnY',
    'createtime' => '1484213491',
    'msgtype' => 'event',
    'event' => 'subscribe',
    'eventkey' => '',
    'from' => 'odnlJvzfIC5OpnakHyTOBVj0bXnY',
    'to' => 'gh_dab016b3c862',
    'time' => '1484213491',
    'type' => 'text',
    'redirection' => true,
    'source' => 'subscribe',
    'content' => '欢迎',
  ),
  'module' => 'images',
  'rule' => '14',
  'priority' => '0',
  'keyword' => 
  array (
    'id' => '32',
    'rid' => '14',
    'uniacid' => '6',
    'module' => 'images',
    'content' => '欢迎',
    'type' => '1',
    'displayorder' => '0',
    'status' => '1',
  ),
)

2017-01-12 17:31:32 response :
------------
Array:
FromUserName : gh_dab016b3c862 ;
ToUserName : odnlJvzfIC5OpnakHyTOBVj0bXnY ;
MsgType : image ;
Image : Array ;

2017-01-12 17:34:45 trace :
------------
String:
<xml><ToUserName><![CDATA[gh_dab016b3c862]]></ToUserName>
<FromUserName><![CDATA[odnlJvzfIC5OpnakHyTOBVj0bXnY]]></FromUserName>
<CreateTime>1484213685</CreateTime>
<MsgType><![CDATA[text]]></MsgType>
<Content><![CDATA[给哪儿付钱呀？]]></Content>
<MsgId>6374649237765551337</MsgId>
</xml>

2017-01-12 17:34:45 params :
------------
String:
array (
  'message' => 
  array (
    'tousername' => 'gh_dab016b3c862',
    'fromusername' => 'odnlJvzfIC5OpnakHyTOBVj0bXnY',
    'createtime' => '1484213685',
    'msgtype' => 'text',
    'content' => '欢迎',
    'msgid' => '6374649237765551337',
    'from' => 'odnlJvzfIC5OpnakHyTOBVj0bXnY',
    'to' => 'gh_dab016b3c862',
    'time' => '1484213685',
    'type' => 'text',
    'event' => NULL,
    'redirection' => true,
    'source' => 'default',
    'original' => '给哪儿付钱呀？',
  ),
  'module' => 'images',
  'rule' => '14',
  'priority' => '0',
  'keyword' => 
  array (
    'id' => '32',
    'rid' => '14',
    'uniacid' => '6',
    'module' => 'images',
    'content' => '欢迎',
    'type' => '1',
    'displayorder' => '0',
    'status' => '1',
  ),
)

2017-01-12 17:34:45 response :
------------
Array:
FromUserName : gh_dab016b3c862 ;
ToUserName : odnlJvzfIC5OpnakHyTOBVj0bXnY ;
MsgType : image ;
Image : Array ;

