2017-01-09 17:50:29 trace :
------------
String:
<xml><ToUserName><![CDATA[gh_dab016b3c862]]></ToUserName>
<FromUserName><![CDATA[odnlJvwxSIlKnv_00OYU_azmnRZ8]]></FromUserName>
<CreateTime>1483955429</CreateTime>
<MsgType><![CDATA[event]]></MsgType>
<Event><![CDATA[CLICK]]></Event>
<EventKey><![CDATA[店主一]]></EventKey>
</xml>

2017-01-09 17:50:29 params :
------------
String:
array (
  'message' => 
  array (
    'tousername' => 'gh_dab016b3c862',
    'fromusername' => 'odnlJvwxSIlKnv_00OYU_azmnRZ8',
    'createtime' => '1483955429',
    'msgtype' => 'event',
    'event' => 'CLICK',
    'eventkey' => '店主一',
    'from' => 'odnlJvwxSIlKnv_00OYU_azmnRZ8',
    'to' => 'gh_dab016b3c862',
    'time' => '1483955429',
    'type' => 'text',
    'content' => '店主一',
    'redirection' => true,
    'source' => 'click',
  ),
  'module' => 'images',
  'rule' => '12',
  'priority' => '0',
  'keyword' => 
  array (
    'id' => '31',
    'rid' => '12',
    'uniacid' => '6',
    'module' => 'images',
    'content' => '店主一',
    'type' => '1',
    'displayorder' => '0',
    'status' => '1',
  ),
)

2017-01-09 17:50:29 response :
------------
Array:
FromUserName : gh_dab016b3c862 ;
ToUserName : odnlJvwxSIlKnv_00OYU_azmnRZ8 ;
MsgType : image ;
Image : Array ;

2017-01-09 17:50:35 trace :
------------
String:
<xml><ToUserName><![CDATA[gh_dab016b3c862]]></ToUserName>
<FromUserName><![CDATA[odnlJvwxSIlKnv_00OYU_azmnRZ8]]></FromUserName>
<CreateTime>1483955435</CreateTime>
<MsgType><![CDATA[event]]></MsgType>
<Event><![CDATA[CLICK]]></Event>
<EventKey><![CDATA[店主二]]></EventKey>
</xml>

2017-01-09 17:50:35 params :
------------
String:
array (
  'message' => 
  array (
    'tousername' => 'gh_dab016b3c862',
    'fromusername' => 'odnlJvwxSIlKnv_00OYU_azmnRZ8',
    'createtime' => '1483955435',
    'msgtype' => 'event',
    'event' => 'CLICK',
    'eventkey' => '店主二',
    'from' => 'odnlJvwxSIlKnv_00OYU_azmnRZ8',
    'to' => 'gh_dab016b3c862',
    'time' => '1483955435',
    'type' => 'text',
    'content' => '店主二',
    'redirection' => true,
    'source' => 'click',
  ),
  'module' => 'images',
  'rule' => '13',
  'priority' => '0',
  'keyword' => 
  array (
    'id' => '30',
    'rid' => '13',
    'uniacid' => '6',
    'module' => 'images',
    'content' => '店主二',
    'type' => '1',
    'displayorder' => '0',
    'status' => '1',
  ),
)

2017-01-09 17:50:35 response :
------------
Array:
FromUserName : gh_dab016b3c862 ;
ToUserName : odnlJvwxSIlKnv_00OYU_azmnRZ8 ;
MsgType : image ;
Image : Array ;

2017-01-09 17:57:14 trace :
------------
String:
<xml><ToUserName><![CDATA[toUser]]></ToUserName><FromUserName><![CDATA[fromUser]]></FromUserName><CreateTime>1483955834</CreateTime><MsgType><![CDATA[event]]></MsgType><Event><![CDATA[subscribe]]></Event><EventKey><![CDATA[]]></EventKey><MsgId>1234567890123456</MsgId></xml>

2017-01-09 17:57:14 params :
------------
String:
array (
  'rule' => -2,
  'module' => '',
  'message' => 
  array (
    'tousername' => 'toUser',
    'fromusername' => 'fromUser',
    'createtime' => '1483955834',
    'msgtype' => 'event',
    'event' => 'subscribe',
    'eventkey' => '',
    'msgid' => '1234567890123456',
    'from' => 'fromUser',
    'to' => 'toUser',
    'time' => '1483955834',
    'type' => 'text',
    'redirection' => true,
    'source' => 'subscribe',
  ),
)

2017-01-09 17:57:14 response :
------------

2017-01-09 17:57:21 trace :
------------
String:
<xml><ToUserName><![CDATA[toUser]]></ToUserName><FromUserName><![CDATA[fromUser]]></FromUserName><CreateTime>1483955841</CreateTime><MsgType><![CDATA[event]]></MsgType><Event><![CDATA[subscribe]]></Event><EventKey><![CDATA[]]></EventKey><MsgId>1234567890123456</MsgId></xml>

2017-01-09 17:57:21 params :
------------
String:
array (
  'rule' => -2,
  'module' => '',
  'message' => 
  array (
    'tousername' => 'toUser',
    'fromusername' => 'fromUser',
    'createtime' => '1483955841',
    'msgtype' => 'event',
    'event' => 'subscribe',
    'eventkey' => '',
    'msgid' => '1234567890123456',
    'from' => 'fromUser',
    'to' => 'toUser',
    'time' => '1483955841',
    'type' => 'text',
    'redirection' => true,
    'source' => 'subscribe',
  ),
)

2017-01-09 17:57:21 response :
------------

2017-01-09 17:57:24 trace :
------------
String:
<xml><ToUserName><![CDATA[toUser]]></ToUserName><FromUserName><![CDATA[fromUser]]></FromUserName><CreateTime>1483955843</CreateTime><MsgType><![CDATA[event]]></MsgType><Event><![CDATA[subscribe]]></Event><EventKey><![CDATA[]]></EventKey><MsgId>1234567890123456</MsgId></xml>

2017-01-09 17:57:24 params :
------------
String:
array (
  'rule' => -2,
  'module' => '',
  'message' => 
  array (
    'tousername' => 'toUser',
    'fromusername' => 'fromUser',
    'createtime' => '1483955843',
    'msgtype' => 'event',
    'event' => 'subscribe',
    'eventkey' => '',
    'msgid' => '1234567890123456',
    'from' => 'fromUser',
    'to' => 'toUser',
    'time' => '1483955843',
    'type' => 'text',
    'redirection' => true,
    'source' => 'subscribe',
  ),
)

2017-01-09 17:57:24 response :
------------

2017-01-09 17:57:25 trace :
------------
String:
<xml><ToUserName><![CDATA[toUser]]></ToUserName><FromUserName><![CDATA[fromUser]]></FromUserName><CreateTime>1483955845</CreateTime><MsgType><![CDATA[event]]></MsgType><Event><![CDATA[subscribe]]></Event><EventKey><![CDATA[]]></EventKey><MsgId>1234567890123456</MsgId></xml>

2017-01-09 17:57:25 params :
------------
String:
array (
  'rule' => -2,
  'module' => '',
  'message' => 
  array (
    'tousername' => 'toUser',
    'fromusername' => 'fromUser',
    'createtime' => '1483955845',
    'msgtype' => 'event',
    'event' => 'subscribe',
    'eventkey' => '',
    'msgid' => '1234567890123456',
    'from' => 'fromUser',
    'to' => 'toUser',
    'time' => '1483955845',
    'type' => 'text',
    'redirection' => true,
    'source' => 'subscribe',
  ),
)

2017-01-09 17:57:25 response :
------------

2017-01-09 17:57:29 trace :
------------
String:
<xml><ToUserName><![CDATA[toUser]]></ToUserName><FromUserName><![CDATA[fromUser]]></FromUserName><CreateTime>1483955849</CreateTime><MsgType><![CDATA[event]]></MsgType><Event><![CDATA[unsubscribe]]></Event><EventKey><![CDATA[]]></EventKey><MsgId>1234567890123456</MsgId></xml>

2017-01-09 18:00:42 trace :
------------
String:
<xml><ToUserName><![CDATA[toUser]]></ToUserName><FromUserName><![CDATA[fromUser]]></FromUserName><CreateTime>1483956042</CreateTime><MsgType><![CDATA[text]]></MsgType><Content><![CDATA[店主一]]></Content><MsgId>1234567890123456</MsgId></xml>

2017-01-09 18:00:42 params :
------------
String:
array (
  'message' => 
  array (
    'tousername' => 'toUser',
    'fromusername' => 'fromUser',
    'createtime' => '1483956042',
    'msgtype' => 'text',
    'content' => '店主一',
    'msgid' => '1234567890123456',
    'from' => 'fromUser',
    'to' => 'toUser',
    'time' => '1483956042',
    'type' => 'text',
    'event' => NULL,
    'redirection' => false,
    'source' => NULL,
  ),
  'module' => 'images',
  'rule' => '12',
  'priority' => '0',
  'keyword' => 
  array (
    'id' => '31',
    'rid' => '12',
    'uniacid' => '6',
    'module' => 'images',
    'content' => '店主一',
    'type' => '1',
    'displayorder' => '0',
    'status' => '1',
  ),
)

2017-01-09 18:00:42 response :
------------
Array:
FromUserName : toUser ;
ToUserName : fromUser ;
MsgType : image ;
Image : Array ;

2017-01-09 18:11:58 trace :
------------
String:
<xml><ToUserName><![CDATA[gh_dab016b3c862]]></ToUserName>
<FromUserName><![CDATA[odnlJvwxSIlKnv_00OYU_azmnRZ8]]></FromUserName>
<CreateTime>1483956717</CreateTime>
<MsgType><![CDATA[text]]></MsgType>
<Content><![CDATA[啊]]></Content>
<MsgId>6373545568609379213</MsgId>
</xml>

2017-01-09 18:11:58 params :
------------
String:
array (
  'message' => 
  array (
    'tousername' => 'gh_dab016b3c862',
    'fromusername' => 'odnlJvwxSIlKnv_00OYU_azmnRZ8',
    'createtime' => '1483956717',
    'msgtype' => 'text',
    'content' => '欢迎',
    'msgid' => '6373545568609379213',
    'from' => 'odnlJvwxSIlKnv_00OYU_azmnRZ8',
    'to' => 'gh_dab016b3c862',
    'time' => '1483956717',
    'type' => 'text',
    'event' => NULL,
    'redirection' => true,
    'source' => 'default',
    'original' => '啊',
  ),
  'module' => 'images',
  'rule' => '14',
  'priority' => '0',
  'keyword' => 
  array (
    'id' => '32',
    'rid' => '14',
    'uniacid' => '6',
    'module' => 'images',
    'content' => '欢迎',
    'type' => '1',
    'displayorder' => '0',
    'status' => '1',
  ),
)

2017-01-09 18:11:58 response :
------------
Array:
FromUserName : gh_dab016b3c862 ;
ToUserName : odnlJvwxSIlKnv_00OYU_azmnRZ8 ;
MsgType : image ;
Image : Array ;

