2017-01-16 18:21:42 trace :
------------
String:
<xml><ToUserName><![CDATA[gh_dab016b3c862]]></ToUserName>
<FromUserName><![CDATA[odnlJvwVX2Wr46lSRBSFe4Vpfitw]]></FromUserName>
<CreateTime>1484562101</CreateTime>
<MsgType><![CDATA[event]]></MsgType>
<Event><![CDATA[subscribe]]></Event>
<EventKey><![CDATA[]]></EventKey>
</xml>

2017-01-16 18:21:42 params :
------------
String:
array (
  'message' => 
  array (
    'tousername' => 'gh_dab016b3c862',
    'fromusername' => 'odnlJvwVX2Wr46lSRBSFe4Vpfitw',
    'createtime' => '1484562101',
    'msgtype' => 'event',
    'event' => 'subscribe',
    'eventkey' => '',
    'from' => 'odnlJvwVX2Wr46lSRBSFe4Vpfitw',
    'to' => 'gh_dab016b3c862',
    'time' => '1484562101',
    'type' => 'text',
    'redirection' => true,
    'source' => 'subscribe',
    'content' => '欢迎',
  ),
  'module' => 'images',
  'rule' => '14',
  'priority' => '0',
  'keyword' => 
  array (
    'id' => '32',
    'rid' => '14',
    'uniacid' => '6',
    'module' => 'images',
    'content' => '欢迎',
    'type' => '1',
    'displayorder' => '0',
    'status' => '1',
  ),
)

2017-01-16 18:21:42 response :
------------
Array:
FromUserName : gh_dab016b3c862 ;
ToUserName : odnlJvwVX2Wr46lSRBSFe4Vpfitw ;
MsgType : image ;
Image : Array ;

